<?xml version="1.0" encoding="UTF-8"?>
<!-- Generated by org.testng.reporters.JUnitReportReporter -->
<testsuite hostname="DESKTOP-LPKLU1H" failures="0" tests="1" name="com.vcentry.lab.testcases.checkoutpagetest$CheckoutPageTest" time="0.000" errors="0" timestamp="11 Mar 2022 15:31:58 GMT" skipped="1">
  <testcase classname="com.vcentry.lab.testcases.checkoutpagetest$CheckoutPageTest" name="vaidateCheckout" time="0.000">
    <skipped/>
  </testcase> <!-- vaidateCheckout -->
</testsuite> <!-- com.vcentry.lab.testcases.checkoutpagetest$CheckoutPageTest -->
