<?xml version="1.0" encoding="UTF-8"?>
<!-- Generated by org.testng.reporters.JUnitReportReporter -->
<testsuite hostname="DESKTOP-LPKLU1H" failures="0" tests="10" name="com.vcentry.lab.testcases.CheckoutPageTest" time="67.773" errors="0" timestamp="16 Mar 2022 07:34:58 GMT" skipped="0">
  <testcase classname="com.vcentry.lab.testcases.CheckoutPageTest" name="validateCheckout" time="11.383"/>
  <testcase classname="com.vcentry.lab.testcases.CheckoutPageTest" name="validateCheckout" time="3.912"/>
  <testcase classname="com.vcentry.lab.testcases.CheckoutPageTest" name="validateCheckout" time="5.031"/>
  <testcase classname="com.vcentry.lab.testcases.CheckoutPageTest" name="validateCheckout" time="5.176"/>
  <testcase classname="com.vcentry.lab.testcases.CheckoutPageTest" name="validateCheckout" time="6.698"/>
  <testcase classname="com.vcentry.lab.testcases.CheckoutPageTest" name="validateCheckout" time="10.542"/>
  <testcase classname="com.vcentry.lab.testcases.CheckoutPageTest" name="validateCheckout" time="4.850"/>
  <testcase classname="com.vcentry.lab.testcases.CheckoutPageTest" name="validateCheckout" time="6.173"/>
  <testcase classname="com.vcentry.lab.testcases.CheckoutPageTest" name="validateCheckout" time="9.770"/>
  <testcase classname="com.vcentry.lab.testcases.CheckoutPageTest" name="validateCheckout" time="4.238"/>
</testsuite> <!-- com.vcentry.lab.testcases.CheckoutPageTest -->
