<?xml version="1.0" encoding="UTF-8"?>
<!-- Generated by org.testng.reporters.JUnitReportReporter -->
<testsuite hostname="DESKTOP-LPKLU1H" failures="0" tests="3" name="temp.ReportTest" time="107.236" errors="0" timestamp="16 Mar 2022 05:01:42 GMT" skipped="0">
  <testcase classname="temp.ReportTest" name="validateGoogle" time="23.970"/>
  <testcase classname="temp.ReportTest" name="validateBing" time="7.707"/>
  <testcase classname="temp.ReportTest" name="validateYahoo" time="75.559"/>
</testsuite> <!-- temp.ReportTest -->
